{"numTotalTestSuites":9,"numPassedTestSuites":9,"numFailedTestSuites":0,"numPendingTestSuites":0,"numTotalTests":7,"numPassedTests":7,"numFailedTests":0,"numPendingTests":0,"numTodoTests":1,"snapshot":{"added":0,"failure":false,"filesAdded":0,"filesRemoved":0,"filesRemovedList":[],"filesUnmatched":0,"filesUpdated":0,"matched":0,"total":0,"unchecked":0,"uncheckedKeysByFile":[],"unmatched":0,"updated":0,"didUpdate":false},"startTime":1724330414009,"success":true,"testResults":[{"assertionResults":[{"ancestorTitles":["About"],"fullName":"About renders the About component","status":"passed","title":"renders the About component","duration":18,"failureMessages":[],"meta":{}},{"ancestorTitles":["suite"],"fullName":"suite unimplemented test","status":"todo","title":"unimplemented test","failureMessages":[],"meta":{}}],"startTime":1724330414691,"endTime":1724330414709,"status":"passed","message":"","name":"/Users/shivangiasthana/Desktop/vitest/vite-project-react-vitest/tests/About.test.tsx"},{"assertionResults":[{"ancestorTitles":["App"],"fullName":"App renders the App component","status":"passed","title":"renders the App component","duration":19,"failureMessages":[],"meta":{}}],"startTime":1724330414692,"endTime":1724330414711,"status":"passed","message":"","name":"/Users/shivangiasthana/Desktop/vitest/vite-project-react-vitest/tests/App.test.tsx"},{"assertionResults":[{"ancestorTitles":["Home"],"fullName":"Home renders the Home component","status":"passed","title":"renders the Home component","duration":19,"failureMessages":[],"meta":{}},{"ancestorTitles":["Home"],"fullName":"Home renders the header","status":"skipped","title":"renders the header","failureMessages":[],"meta":{}},{"ancestorTitles":["Home"],"fullName":"Home renders the paragraph","status":"passed","title":"renders the paragraph","duration":19,"failureMessages":[],"meta":{}}],"startTime":1724330414691,"endTime":1724330414710,"status":"passed","message":"","name":"/Users/shivangiasthana/Desktop/vitest/vite-project-react-vitest/tests/Home.test.tsx"},{"assertionResults":[{"ancestorTitles":[],"fullName":"checkEven type tests","status":"passed","title":"checkEven type tests","duration":0,"failureMessages":[],"meta":{}}],"startTime":1724330414689,"endTime":1724330414689,"status":"passed","message":"","name":"/Users/shivangiasthana/Desktop/vitest/vite-project-react-vitest/tests/UtilityFunction.test.tsx"}]}